<?xml version="1.0" encoding="UTF-8"?>
<testsuite xmlns:xsi="http://www.w3.org/2001/XMLSchema-instance" xsi:noNamespaceSchemaLocation="https://maven.apache.org/surefire/maven-surefire-plugin/xsd/surefire-test-report.xsd" version="3.0.2" name="TestSuite" time="3.796" tests="1" errors="0" skipped="0" failures="0">
  <properties>
[...]
</properties>
  <testcase name="verify_login" classname="testCases.TC002_LoginTest" time="0.626">
    <system-out><![CDATA[2025-04-28T20:33:36.826441Z main INFO Starting configuration XmlConfiguration[location=/Users/frank/Eclipse_Workspace_OpenCart/OpenCart_V1_12/target/test-classes/log4j2.xml, lastModified=2025-04-28T18:55:53.960Z]...
2025-04-28T20:33:36.827310Z main INFO Start watching for changes to /Users/frank/Eclipse_Workspace_OpenCart/OpenCart_V1_12/target/test-classes/log4j2.xml every 0 seconds
2025-04-28T20:33:36.827480Z main INFO Configuration XmlConfiguration[location=/Users/frank/Eclipse_Workspace_OpenCart/OpenCart_V1_12/target/test-classes/log4j2.xml, lastModified=2025-04-28T18:55:53.960Z] started.
2025-04-28T20:33:36.829041Z main INFO Stopping configuration org.apache.logging.log4j.core.config.DefaultConfiguration@6d2a209c...
2025-04-28T20:33:36.829295Z main INFO Configuration org.apache.logging.log4j.core.config.DefaultConfiguration@6d2a209c stopped.
]]></system-out>
    <system-err><![CDATA[Apr 28, 2025 9:33:38 PM org.openqa.selenium.devtools.CdpVersionFinder findNearestMatch
WARNING: Unable to find an exact match for CDP version 135, returning the closest version; found: 134; Please update to a Selenium version that supports CDP version 135
]]></system-err>
  </testcase>
</testsuite>